<?xml version="1.0" encoding="UTF-8"?>
<!-- Generated by org.testng.reporters.JUnitReportReporter -->
<testsuite skipped="0" hostname="DESKTOP-GCG6P9U" name="com.testing.HardAssertLogin" tests="2" failures="0" timestamp="28 Feb 2021 16:08:20 GMT" time="19.095" errors="0">
  <testcase name="launch2" time="5.533" classname="com.testing.HardAssertLogin"/>
  <testcase name="launch1" time="13.562" classname="com.testing.HardAssertLogin"/>
</testsuite> <!-- com.testing.HardAssertLogin -->
