<?xml version="1.0" encoding="UTF-8"?>
<!-- Generated by org.testng.reporters.JUnitReportReporter -->
<testsuite skipped="0" hostname="DESKTOP-GCG6P9U" name="com.testing.IncludeAndExclude" tests="2" failures="0" timestamp="28 Feb 2021 16:32:25 GMT" time="0.013" errors="0">
  <testcase name="test1" time="0.012" classname="com.testing.IncludeAndExclude"/>
  <testcase name="test4" time="0.001" classname="com.testing.IncludeAndExclude"/>
</testsuite> <!-- com.testing.IncludeAndExclude -->
