<?xml version="1.0" encoding="UTF-8"?>
<!-- Generated by org.testng.reporters.JUnitReportReporter -->
<testsuite skipped="0" hostname="Hi" name="com.testing.ParlellLogin" tests="1" failures="0" timestamp="28 Feb 2021 10:23:15 GMT" time="501.580" errors="0">
  <testcase name="launchChromeBrowser" time="501.580" classname="com.testing.ParlellLogin"/>
</testsuite> <!-- com.testing.ParlellLogin -->
