<?xml version="1.0" encoding="UTF-8"?>
<!-- Generated by org.testng.reporters.JUnitReportReporter -->
<testsuite skipped="0" hostname="Hi" name="NewTest" tests="1" failures="0" timestamp="27 Feb 2021 01:29:38 GMT" time="0.062" errors="0">
  <testcase name="f" time="0.062" classname="NewTest"/>
</testsuite> <!-- NewTest -->
