<?xml version="1.0" encoding="UTF-8"?>
<!-- Generated by org.testng.reporters.JUnitReportReporter -->
<testsuite skipped="0" hostname="DESKTOP-GCG6P9U" name="com.testing.DataProviderLogin" tests="2" failures="0" timestamp="28 Feb 2021 12:17:30 GMT" time="14.168" errors="0">
  <testcase name="launch" time="7.655" classname="com.testing.DataProviderLogin"/>
  <testcase name="launch" time="6.513" classname="com.testing.DataProviderLogin"/>
</testsuite> <!-- com.testing.DataProviderLogin -->
